Removed Parameter JLCPCB Part #:C14663 from Part C3
Removed Parameter JLCPCB Part #:C14663 from Part C5
Removed Parameter JLCPCB Part #:C14663 from Part C6
Removed Parameter JLCPCB Part #:C14663 from Part C10
Removed Parameter JLCPCB Part #:C14663 from Part C16
Removed Parameter JLCPCB Part #:C14663 from Part C17
Removed Parameter JLCPCB Part #:C14663 from Part C18
Removed Parameter JLCPCB Part #:C15850 from Part C4
Removed Parameter JLCPCB Part #:C15850 from Part C7
Removed Parameter JLCPCB Part #:C15850 from Part C8
Removed Parameter JLCPCB Part #:C23186 from Part R7
Removed Parameter JLCPCB Part #:C23186 from Part R8
Removed Parameter JLCPCB Part #:C25803 from Part R3
Removed Parameter JLCPCB Part #:C25803 from Part R18
Removed Parameter JLCPCB Part #:C25803 from Part R24
Removed Parameter JLCPCB Part #:C25803 from Part R25
Removed Parameter JLCPCB Part #:C25803 from Part R29
Removed Parameter JLCPCB Part #:C108304 from Part L1
Removed Parameter JLCPCB PArt #:C2764612 from Part J1
Removed Parameter JLCPCB Part #: from Part C1
Removed Parameter JLCPCB Part #: from Part C2
Removed Parameter JLCPCB Part #: from Part C9
Removed Parameter JLCPCB Part #: from Part C11
Removed Parameter JLCPCB Part #: from Part C12
Removed Parameter JLCPCB Part #: from Part C13
Removed Parameter JLCPCB Part #: from Part C14
Removed Parameter JLCPCB Part #: from Part C15
Removed Parameter JLCPCB Part #: from Part C19
Removed Parameter JLCPCB Part #: from Part D1
Removed Parameter JLCPCB Part #: from Part D2
Removed Parameter JLCPCB Part #: from Part J2
Removed Parameter JLCPCB Part #: from Part P1
Removed Parameter JLCPCB Part #: from Part R1
Removed Parameter JLCPCB Part #: from Part R2
Removed Parameter JLCPCB Part #: from Part R4
Removed Parameter JLCPCB Part #: from Part R5
Removed Parameter JLCPCB Part #: from Part R6
Removed Parameter JLCPCB Part #: from Part R9
Removed Parameter JLCPCB Part #: from Part R10
Removed Parameter JLCPCB Part #: from Part R11
Removed Parameter JLCPCB Part #: from Part R12
Removed Parameter JLCPCB Part #: from Part R13
Removed Parameter JLCPCB Part #: from Part R14
Removed Parameter JLCPCB Part #: from Part R15
Removed Parameter JLCPCB Part #: from Part R16
Removed Parameter JLCPCB Part #: from Part R17
Removed Parameter JLCPCB Part #: from Part R19
Removed Parameter JLCPCB Part #: from Part R20
Removed Parameter JLCPCB Part #: from Part R21
Removed Parameter JLCPCB Part #: from Part R22
Removed Parameter JLCPCB Part #: from Part R23
Removed Parameter JLCPCB Part #: from Part R26
Removed Parameter JLCPCB Part #: from Part R27
Removed Parameter JLCPCB Part #: from Part R28
Removed Parameter JLCPCB Part #: from Part R30
Removed Parameter JLCPCB Part #: from Part R31
Removed Parameter JLCPCB Part #: from Part R32
Removed Parameter JLCPCB Part #: from Part Rmod1
Removed Parameter JLCPCB Part #: from Part Rmod2
Removed Parameter JLCPCB Part #: from Part TP1
Removed Parameter JLCPCB Part #: from Part TP2
Removed Parameter JLCPCB Part #: from Part TP3
Removed Parameter JLCPCB Part #: from Part TP4
Removed Parameter JLCPCB Part #: from Part TP5
Removed Parameter JLCPCB Part #: from Part TP6
Removed Parameter JLCPCB Part #: from Part TP7
Removed Parameter JLCPCB Part #: from Part TP8
Removed Parameter JLCPCB Part #: from Part TP9
Removed Parameter JLCPCB Part #: from Part TP10
Removed Parameter JLCPCB Part #: from Part TP11
Removed Parameter JLCPCB Part #: from Part TP12
Removed Parameter JLCPCB Part #: from Part TP13
Removed Parameter JLCPCB Part #: from Part TP14
Removed Parameter JLCPCB Part #: from Part TP15
Removed Parameter JLCPCB Part #: from Part TP16
Removed Parameter JLCPCB Part #: from Part TP17
Removed Parameter JLCPCB Part #: from Part TP18
Removed Parameter JLCPCB Part #: from Part TP19
Removed Parameter JLCPCB Part #: from Part TP20
Removed Parameter JLCPCB Part #: from Part U1
Removed Parameter JLCPCB Part #: from Part U2
Removed Parameter JLCPCB Part #: from Part U2
Removed Parameter Manufacturer:Chilisin from Part L1
Removed Parameter Manufacturer: from Part D1
Removed Parameter Manufacturer: from Part D2
Removed Parameter Manufacturer: from Part J2
Removed Parameter Manufacturer: from Part P1
Removed Parameter Manufacturer: from Part R4
Removed Parameter Manufacturer: from Part R5
Removed Parameter Manufacturer: from Part R10
Removed Parameter Manufacturer: from Part R11
Removed Parameter Manufacturer: from Part R12
Removed Parameter Manufacturer: from Part R13
Removed Parameter Manufacturer: from Part R19
Removed Parameter Manufacturer: from Part R22
Removed Parameter Manufacturer: from Part R28
Removed Parameter Manufacturer: from Part R30
Removed Parameter Manufacturer: from Part Rmod1
Removed Parameter Manufacturer: from Part Rmod2
Removed Parameter Manufacturer: from Part TP1
Removed Parameter Manufacturer: from Part TP2
Removed Parameter Manufacturer: from Part TP3
Removed Parameter Manufacturer: from Part TP4
Removed Parameter Manufacturer: from Part TP5
Removed Parameter Manufacturer: from Part TP6
Removed Parameter Manufacturer: from Part TP7
Removed Parameter Manufacturer: from Part TP8
Removed Parameter Manufacturer: from Part TP9
Removed Parameter Manufacturer: from Part TP10
Removed Parameter Manufacturer: from Part TP11
Removed Parameter Manufacturer: from Part TP12
Removed Parameter Manufacturer: from Part TP13
Removed Parameter Manufacturer: from Part TP14
Removed Parameter Manufacturer: from Part TP15
Removed Parameter Manufacturer: from Part TP16
Removed Parameter Manufacturer: from Part TP17
Removed Parameter Manufacturer: from Part TP18
Removed Parameter Manufacturer: from Part TP19
Removed Parameter Manufacturer: from Part TP20
Removed Parameter Manufacturer: from Part U1
Removed Parameter Manufacturer: from Part U2
Removed Parameter Manufacturer: from Part U2
Removed Parameter Manufacturer:Samsung from Part C4
Removed Parameter Manufacturer:Samsung from Part C7
Removed Parameter Manufacturer:Samsung from Part C8
Removed Parameter Manufacturer:Uni-Royal from Part R1
Removed Parameter Manufacturer:Uni-Royal from Part R2
Removed Parameter Manufacturer:Uni-Royal from Part R3
Removed Parameter Manufacturer:Uni-Royal from Part R6
Removed Parameter Manufacturer:Uni-Royal from Part R7
Removed Parameter Manufacturer:Uni-Royal from Part R8
Removed Parameter Manufacturer:Uni-Royal from Part R9
Removed Parameter Manufacturer:Uni-Royal from Part R14
Removed Parameter Manufacturer:Uni-Royal from Part R16
Removed Parameter Manufacturer:Uni-Royal from Part R17
Removed Parameter Manufacturer:Uni-Royal from Part R18
Removed Parameter Manufacturer:Uni-Royal from Part R20
Removed Parameter Manufacturer:Uni-Royal from Part R21
Removed Parameter Manufacturer:Uni-Royal from Part R24
Removed Parameter Manufacturer:Uni-Royal from Part R25
Removed Parameter Manufacturer:Uni-Royal from Part R29
Removed Parameter Manufacturer:Vishay from Part R15
Removed Parameter Manufacturer:Vishay from Part R23
Removed Parameter Manufacturer:Vishay from Part R26
Removed Parameter Manufacturer:Vishay from Part R27
Removed Parameter Manufacturer:Vishay from Part R31
Removed Parameter Manufacturer:Vishay from Part R32
Removed Parameter Manufacturer:XKB from Part J1
Removed Parameter Manufacturer:Yageo from Part C1
Removed Parameter Manufacturer:Yageo from Part C2
Removed Parameter Manufacturer:Yageo from Part C3
Removed Parameter Manufacturer:Yageo from Part C5
Removed Parameter Manufacturer:Yageo from Part C6
Removed Parameter Manufacturer:Yageo from Part C9
Removed Parameter Manufacturer:Yageo from Part C10
Removed Parameter Manufacturer:Yageo from Part C11
Removed Parameter Manufacturer:Yageo from Part C12
Removed Parameter Manufacturer:Yageo from Part C13
Removed Parameter Manufacturer:Yageo from Part C14
Removed Parameter Manufacturer:Yageo from Part C15
Removed Parameter Manufacturer:Yageo from Part C16
Removed Parameter Manufacturer:Yageo from Part C17
Removed Parameter Manufacturer:Yageo from Part C18
Removed Parameter Manufacturer:Yageo from Part C19
Removed Parameter MPN:0603WAF1003T5E from Part R3
Removed Parameter MPN:0603WAF1003T5E from Part R18
Removed Parameter MPN:0603WAF1003T5E from Part R24
Removed Parameter MPN:0603WAF1003T5E from Part R25
Removed Parameter MPN:0603WAF1003T5E from Part R29
Removed Parameter MPN:0603WAF5101T5E from Part R7
Removed Parameter MPN:0603WAF5101T5E from Part R8
Removed Parameter MPN:CC0603KRX7R9BB104 from Part C3
Removed Parameter MPN:CC0603KRX7R9BB104 from Part C5
Removed Parameter MPN:CC0603KRX7R9BB104 from Part C6
Removed Parameter MPN:CC0603KRX7R9BB104 from Part C10
Removed Parameter MPN:CC0603KRX7R9BB104 from Part C16
Removed Parameter MPN:CC0603KRX7R9BB104 from Part C17
Removed Parameter MPN:CC0603KRX7R9BB104 from Part C18
Removed Parameter MPN:CL21A106KAYNNNE from Part C4
Removed Parameter MPN:CL21A106KAYNNNE from Part C7
Removed Parameter MPN:CL21A106KAYNNNE from Part C8
Removed Parameter MPN: from Part C1
Removed Parameter MPN: from Part C2
Removed Parameter MPN: from Part C9
Removed Parameter MPN: from Part C11
Removed Parameter MPN: from Part C12
Removed Parameter MPN: from Part C13
Removed Parameter MPN: from Part C14
Removed Parameter MPN: from Part C15
Removed Parameter MPN: from Part C19
Removed Parameter MPN: from Part D1
Removed Parameter MPN: from Part D2
Removed Parameter MPN: from Part J2
Removed Parameter MPN: from Part P1
Removed Parameter MPN: from Part R1
Removed Parameter MPN: from Part R2
Removed Parameter MPN: from Part R4
Removed Parameter MPN: from Part R5
Removed Parameter MPN: from Part R6
Removed Parameter MPN: from Part R9
Removed Parameter MPN: from Part R10
Removed Parameter MPN: from Part R11
Removed Parameter MPN: from Part R12
Removed Parameter MPN: from Part R13
Removed Parameter MPN: from Part R14
Removed Parameter MPN: from Part R16
Removed Parameter MPN: from Part R17
Removed Parameter MPN: from Part R19
Removed Parameter MPN: from Part R20
Removed Parameter MPN: from Part R21
Removed Parameter MPN: from Part R22
Removed Parameter MPN: from Part R28
Removed Parameter MPN: from Part R30
Removed Parameter MPN: from Part Rmod1
Removed Parameter MPN: from Part Rmod2
Removed Parameter MPN: from Part TP1
Removed Parameter MPN: from Part TP2
Removed Parameter MPN: from Part TP3
Removed Parameter MPN: from Part TP4
Removed Parameter MPN: from Part TP5
Removed Parameter MPN: from Part TP6
Removed Parameter MPN: from Part TP7
Removed Parameter MPN: from Part TP8
Removed Parameter MPN: from Part TP9
Removed Parameter MPN: from Part TP10
Removed Parameter MPN: from Part TP11
Removed Parameter MPN: from Part TP12
Removed Parameter MPN: from Part TP13
Removed Parameter MPN: from Part TP14
Removed Parameter MPN: from Part TP15
Removed Parameter MPN: from Part TP16
Removed Parameter MPN: from Part TP17
Removed Parameter MPN: from Part TP18
Removed Parameter MPN: from Part TP19
Removed Parameter MPN: from Part TP20
Removed Parameter MPN: from Part U1
Removed Parameter MPN: from Part U2
Removed Parameter MPN: from Part U2
Removed Parameter MPN:MMB0207MC4703F from Part R15
Removed Parameter MPN:MMB0207MC4703F from Part R23
Removed Parameter MPN:MMB0207MC4703F from Part R26
Removed Parameter MPN:MMB0207MC4703F from Part R27
Removed Parameter MPN:MMB0207MC4703F from Part R31
Removed Parameter MPN:MMB0207MC4703F from Part R32
Removed Parameter MPN:PBY201209T-601Y-N from Part L1
Removed Parameter MPN:U262-061N-4BVC11 from Part J1
